[2024-01-01 12:08:13] local.DEBUG: 2023-12-31  
[2024-01-01 12:11:01] local.DEBUG: Schedule is running.  
[2024-01-01 12:11:01] local.DEBUG: Command is completed.  
[2024-01-01 12:12:00] local.DEBUG: Schedule is running.  
[2024-01-01 12:12:00] local.DEBUG: Command is completed.  
[2024-01-01 12:13:00] local.DEBUG: Schedule is running.  
[2024-01-01 12:13:00] local.DEBUG: Command is completed.  
[2024-01-01 12:14:00] local.DEBUG: Schedule is running.  
[2024-01-01 12:14:00] local.DEBUG: Command is completed.  
[2024-01-01 12:15:00] local.DEBUG: Schedule is running.  
[2024-01-01 12:15:00] local.DEBUG: Command is completed.  
[2024-01-01 12:16:00] local.DEBUG: Schedule is running.  
[2024-01-01 12:16:00] local.DEBUG: Command is completed.  
[2024-01-01 12:17:00] local.DEBUG: Schedule is running.  
[2024-01-01 12:17:00] local.DEBUG: Command is completed.  
[2024-01-01 12:18:00] local.DEBUG: Schedule is running.  
[2024-01-01 12:18:00] local.DEBUG: Command is completed.  
[2024-01-01 12:19:00] local.DEBUG: Schedule is running.  
[2024-01-01 12:19:00] local.DEBUG: Command is completed.  
[2024-01-01 12:25:01] local.DEBUG: 2023-12-31  
[2024-01-01 12:25:59] local.ERROR: syntax error, unexpected token ")" {"exception":"[object] (ParseError(code: 0): syntax error, unexpected token \")\" at C:\\laragon\\www\\bh-finder-reservation\\app\\Console\\Commands\\DeletePendingReservations.php:43)
[stacktrace]
#0 C:\\laragon\\www\\bh-finder-reservation\\vendor\\composer\\ClassLoader.php(428): Composer\\Autoload\\includeFile('C:\\\\laragon\\\\www\\\\...')
#1 [internal function]: Composer\\Autoload\\ClassLoader->loadClass('App\\\\Console\\\\Com...')
#2 C:\\laragon\\www\\bh-finder-reservation\\vendor\\laravel\\framework\\src\\Illuminate\\Foundation\\Console\\Kernel.php(343): is_subclass_of('App\\\\Console\\\\Com...', 'Illuminate\\\\Cons...')
#3 C:\\laragon\\www\\bh-finder-reservation\\app\\Console\\Kernel.php(35): Illuminate\\Foundation\\Console\\Kernel->load(Array)
#4 C:\\laragon\\www\\bh-finder-reservation\\vendor\\laravel\\framework\\src\\Illuminate\\Foundation\\Console\\Kernel.php(434): App\\Console\\Kernel->commands()
#5 C:\\laragon\\www\\bh-finder-reservation\\vendor\\laravel\\framework\\src\\Illuminate\\Foundation\\Console\\Kernel.php(198): Illuminate\\Foundation\\Console\\Kernel->bootstrap()
#6 Command line code(1): Illuminate\\Foundation\\Console\\Kernel->handle(Object(Symfony\\Component\\Console\\Input\\ArgvInput), Object(Symfony\\Component\\Console\\Output\\ConsoleOutput))
#7 {main}
"} 
[2024-01-01 12:25:59] local.ERROR: syntax error, unexpected token ")" {"exception":"[object] (ParseError(code: 0): syntax error, unexpected token \")\" at C:\\laragon\\www\\bh-finder-reservation\\app\\Console\\Commands\\DeletePendingReservations.php:43)
[stacktrace]
#0 C:\\laragon\\www\\bh-finder-reservation\\vendor\\composer\\ClassLoader.php(428): Composer\\Autoload\\includeFile('C:\\\\laragon\\\\www\\\\...')
#1 [internal function]: Composer\\Autoload\\ClassLoader->loadClass('App\\\\Console\\\\Com...')
#2 C:\\laragon\\www\\bh-finder-reservation\\vendor\\laravel\\framework\\src\\Illuminate\\Foundation\\Console\\Kernel.php(343): is_subclass_of('App\\\\Console\\\\Com...', 'Illuminate\\\\Cons...')
#3 C:\\laragon\\www\\bh-finder-reservation\\app\\Console\\Kernel.php(35): Illuminate\\Foundation\\Console\\Kernel->load(Array)
#4 C:\\laragon\\www\\bh-finder-reservation\\vendor\\laravel\\framework\\src\\Illuminate\\Foundation\\Console\\Kernel.php(434): App\\Console\\Kernel->commands()
#5 C:\\laragon\\www\\bh-finder-reservation\\vendor\\laravel\\framework\\src\\Illuminate\\Foundation\\Console\\Kernel.php(198): Illuminate\\Foundation\\Console\\Kernel->bootstrap()
#6 Command line code(1): Illuminate\\Foundation\\Console\\Kernel->handle(Object(Symfony\\Component\\Console\\Input\\ArgvInput), Object(Symfony\\Component\\Console\\Output\\ConsoleOutput))
#7 {main}
"} 
[2024-01-01 12:26:00] local.ERROR: syntax error, unexpected token ")" {"exception":"[object] (ParseError(code: 0): syntax error, unexpected token \")\" at C:\\laragon\\www\\bh-finder-reservation\\app\\Console\\Commands\\DeletePendingReservations.php:43)
[stacktrace]
#0 C:\\laragon\\www\\bh-finder-reservation\\vendor\\composer\\ClassLoader.php(428): Composer\\Autoload\\includeFile('C:\\\\laragon\\\\www\\\\...')
#1 [internal function]: Composer\\Autoload\\ClassLoader->loadClass('App\\\\Console\\\\Com...')
#2 C:\\laragon\\www\\bh-finder-reservation\\vendor\\laravel\\framework\\src\\Illuminate\\Foundation\\Console\\Kernel.php(343): is_subclass_of('App\\\\Console\\\\Com...', 'Illuminate\\\\Cons...')
#3 C:\\laragon\\www\\bh-finder-reservation\\app\\Console\\Kernel.php(35): Illuminate\\Foundation\\Console\\Kernel->load(Array)
#4 C:\\laragon\\www\\bh-finder-reservation\\vendor\\laravel\\framework\\src\\Illuminate\\Foundation\\Console\\Kernel.php(434): App\\Console\\Kernel->commands()
#5 C:\\laragon\\www\\bh-finder-reservation\\vendor\\laravel\\framework\\src\\Illuminate\\Foundation\\Console\\Kernel.php(198): Illuminate\\Foundation\\Console\\Kernel->bootstrap()
#6 C:\\laragon\\www\\bh-finder-reservation\\artisan(37): Illuminate\\Foundation\\Console\\Kernel->handle(Object(Symfony\\Component\\Console\\Input\\ArgvInput), Object(Symfony\\Component\\Console\\Output\\ConsoleOutput))
#7 {main}
"} 
